{"contracts\\TwitterClone.sol":{"l":{"23":2,"26":1,"35":3,"36":3,"37":3,"38":3,"39":3,"48":2,"49":1,"50":1,"60":0,"69":1,"77":0,"86":0,"87":0,"88":0,"89":0,"90":0,"91":0,"94":0},"path":"C:\\Users\\je2f_\\cryptoTwitter\\contracts\\TwitterClone.sol","s":{"1":2,"2":3,"3":3,"4":3,"5":3,"6":2,"7":1,"8":1,"9":0,"10":1,"11":0,"12":0,"13":0,"14":0,"15":0,"16":0,"17":0},"b":{"1":[1,1],"2":[1,0],"3":[0,0]},"f":{"1":2,"2":3,"3":2,"4":0,"5":1,"6":0,"7":0},"fnMap":{"1":{"name":"ownerOf","line":22,"loc":{"start":{"line":22,"column":4},"end":{"line":27,"column":4}}},"2":{"name":"createTweet","line":34,"loc":{"start":{"line":34,"column":4},"end":{"line":40,"column":4}}},"3":{"name":"readTweet","line":47,"loc":{"start":{"line":47,"column":4},"end":{"line":51,"column":4}}},"4":{"name":"editTweet","line":59,"loc":{"start":{"line":59,"column":4},"end":{"line":61,"column":4}}},"5":{"name":"deleteTweet","line":68,"loc":{"start":{"line":68,"column":4},"end":{"line":70,"column":4}}},"6":{"name":"getTweetsLength","line":76,"loc":{"start":{"line":76,"column":4},"end":{"line":78,"column":4}}},"7":{"name":"getTweetsByOwner","line":85,"loc":{"start":{"line":85,"column":4},"end":{"line":95,"column":4}}}},"statementMap":{"1":{"start":{"line":23,"column":8},"end":{"line":23,"column":725}},"2":{"start":{"line":35,"column":8},"end":{"line":35,"column":44}},"3":{"start":{"line":36,"column":8},"end":{"line":36,"column":42}},"4":{"start":{"line":37,"column":8},"end":{"line":37,"column":41}},"5":{"start":{"line":39,"column":8},"end":{"line":39,"column":54}},"6":{"start":{"line":48,"column":8},"end":{"line":48,"column":41}},"7":{"start":{"line":49,"column":8},"end":{"line":49,"column":61}},"8":{"start":{"line":50,"column":8},"end":{"line":50,"column":52}},"9":{"start":{"line":60,"column":8},"end":{"line":60,"column":44}},"10":{"start":{"line":69,"column":8},"end":{"line":69,"column":38}},"11":{"start":{"line":77,"column":8},"end":{"line":77,"column":28}},"12":{"start":{"line":86,"column":8},"end":{"line":86,"column":72}},"13":{"start":{"line":87,"column":8},"end":{"line":87,"column":27}},"14":{"start":{"line":88,"column":8},"end":{"line":88,"column":3073}},"15":{"start":{"line":89,"column":12},"end":{"line":89,"column":3134}},"16":{"start":{"line":90,"column":16},"end":{"line":90,"column":34}},"17":{"start":{"line":94,"column":8},"end":{"line":94,"column":21}}},"branchMap":{"1":{"line":23,"type":"if","locations":[{"start":{"line":23,"column":8},"end":{"line":23,"column":8}},{"start":{"line":23,"column":8},"end":{"line":23,"column":8}}]},"2":{"line":49,"type":"if","locations":[{"start":{"line":49,"column":8},"end":{"line":49,"column":8}},{"start":{"line":49,"column":8},"end":{"line":49,"column":8}}]},"3":{"line":89,"type":"if","locations":[{"start":{"line":89,"column":12},"end":{"line":89,"column":12}},{"start":{"line":89,"column":12},"end":{"line":89,"column":12}}]}}}}