{"contracts/TwitterClone.sol":{"l":{"23":7,"26":3,"35":19,"36":19,"37":19,"38":19,"39":19,"48":2,"49":2,"50":1,"60":1,"69":2,"77":1,"86":1,"87":1,"88":1,"89":7,"90":4,"91":4,"94":1},"path":"/usr/src/app/contracts/TwitterClone.sol","s":{"1":7,"2":19,"3":19,"4":19,"5":19,"6":2,"7":2,"8":1,"9":1,"10":2,"11":1,"12":1,"13":1,"14":1,"15":7,"16":4,"17":1},"b":{"1":[3,4],"2":[1,1],"3":[4,3]},"f":{"1":7,"2":19,"3":2,"4":1,"5":2,"6":1,"7":1},"fnMap":{"1":{"name":"ownerOf","line":22,"loc":{"start":{"line":22,"column":4},"end":{"line":27,"column":4}}},"2":{"name":"createTweet","line":34,"loc":{"start":{"line":34,"column":4},"end":{"line":40,"column":4}}},"3":{"name":"readTweet","line":47,"loc":{"start":{"line":47,"column":4},"end":{"line":51,"column":4}}},"4":{"name":"editTweet","line":59,"loc":{"start":{"line":59,"column":4},"end":{"line":61,"column":4}}},"5":{"name":"deleteTweet","line":68,"loc":{"start":{"line":68,"column":4},"end":{"line":70,"column":4}}},"6":{"name":"getTweetsLength","line":76,"loc":{"start":{"line":76,"column":4},"end":{"line":78,"column":4}}},"7":{"name":"getTweetsByOwner","line":85,"loc":{"start":{"line":85,"column":4},"end":{"line":95,"column":4}}}},"statementMap":{"1":{"start":{"line":23,"column":8},"end":{"line":23,"column":725}},"2":{"start":{"line":35,"column":8},"end":{"line":35,"column":44}},"3":{"start":{"line":36,"column":8},"end":{"line":36,"column":42}},"4":{"start":{"line":37,"column":8},"end":{"line":37,"column":41}},"5":{"start":{"line":39,"column":8},"end":{"line":39,"column":54}},"6":{"start":{"line":48,"column":8},"end":{"line":48,"column":41}},"7":{"start":{"line":49,"column":8},"end":{"line":49,"column":61}},"8":{"start":{"line":50,"column":8},"end":{"line":50,"column":52}},"9":{"start":{"line":60,"column":8},"end":{"line":60,"column":44}},"10":{"start":{"line":69,"column":8},"end":{"line":69,"column":38}},"11":{"start":{"line":77,"column":8},"end":{"line":77,"column":28}},"12":{"start":{"line":86,"column":8},"end":{"line":86,"column":72}},"13":{"start":{"line":87,"column":8},"end":{"line":87,"column":27}},"14":{"start":{"line":88,"column":8},"end":{"line":88,"column":3073}},"15":{"start":{"line":89,"column":12},"end":{"line":89,"column":3134}},"16":{"start":{"line":90,"column":16},"end":{"line":90,"column":34}},"17":{"start":{"line":94,"column":8},"end":{"line":94,"column":21}}},"branchMap":{"1":{"line":23,"type":"if","locations":[{"start":{"line":23,"column":8},"end":{"line":23,"column":8}},{"start":{"line":23,"column":8},"end":{"line":23,"column":8}}]},"2":{"line":49,"type":"if","locations":[{"start":{"line":49,"column":8},"end":{"line":49,"column":8}},{"start":{"line":49,"column":8},"end":{"line":49,"column":8}}]},"3":{"line":89,"type":"if","locations":[{"start":{"line":89,"column":12},"end":{"line":89,"column":12}},{"start":{"line":89,"column":12},"end":{"line":89,"column":12}}]}}}}