{
"contracts\\TwitterClone.sol":{"l":{"23":6,"26":2,"34":17,"35":17,"36":17,"37":17,"38":17,"47":1,"55":1,"62":1,"70":1,"71":1,"72":1,"73":5,"74":3,"75":3,"78":1},"path":"C:\\Users\\je2f_\\cryptoTwitter\\contracts\\TwitterClone.sol","s":{"1":6,"2":17,"3":17,"4":17,"5":17,"6":1,"7":1,"8":1,"9":1,"10":1,"11":1,"12":5,"13":3,"14":1},"b":{"1":[2,4],"2":[3,2]},"f":{"1":6,"2":17,"3":1,"4":1,"5":1,"6":1},"fnMap":{"1":{"name":"ownerOf","line":22,"loc":{"start":{"line":22,"column":4},"end":{"line":27,"column":4}}},"2":{"name":"createTweet","line":33,"loc":{"start":{"line":33,"column":4},"end":{"line":39,"column":4}}},"3":{"name":"editTweet","line":46,"loc":{"start":{"line":46,"column":4},"end":{"line":48,"column":4}}},"4":{"name":"deleteTweet","line":54,"loc":{"start":{"line":54,"column":4},"end":{"line":56,"column":4}}},"5":{"name":"getTweetsLength","line":61,"loc":{"start":{"line":61,"column":4},"end":{"line":63,"column":4}}},"6":{"name":"getTweetsByOwner","line":69,"loc":{"start":{"line":69,"column":4},"end":{"line":79,"column":4}}}},"statementMap":{"1":{"start":{"line":23,"column":8},"end":{"line":23,"column":725}},"2":{"start":{"line":34,"column":8},"end":{"line":34,"column":44}},"3":{"start":{"line":35,"column":8},"end":{"line":35,"column":42}},"4":{"start":{"line":36,"column":8},"end":{"line":36,"column":41}},"5":{"start":{"line":38,"column":8},"end":{"line":38,"column":54}},"6":{"start":{"line":47,"column":8},"end":{"line":47,"column":44}},"7":{"start":{"line":55,"column":8},"end":{"line":55,"column":38}},"8":{"start":{"line":62,"column":8},"end":{"line":62,"column":28}},"9":{"start":{"line":70,"column":8},"end":{"line":70,"column":72}},"10":{"start":{"line":71,"column":8},"end":{"line":71,"column":27}},"11":{"start":{"line":72,"column":8},"end":{"line":72,"column":2591}},"12":{"start":{"line":73,"column":12},"end":{"line":73,"column":2652}},"13":{"start":{"line":74,"column":16},"end":{"line":74,"column":34}},"14":{"start":{"line":78,"column":8},"end":{"line":78,"column":21}}},"branchMap":{"1":{"line":23,"type":"if","locations":[{"start":{"line":23,"column":8},"end":{"line":23,"column":8}},{"start":{"line":23,"column":8},"end":{"line":23,"column":8}}]},"2":{"line":73,"type":"if","locations":[{"start":{"line":73,"column":12},"end":{"line":73,"column":12}},{"start":{"line":73,"column":12},"end":{"line":73,"column":12}}]}}}}
