TN:
SF:/usr/src/app/contracts/TwitterClone.sol
FN:22,ownerOf
FN:34,createTweet
FN:47,readTweet
FN:59,editTweet
FN:68,deleteTweet
FN:76,getTweetsLength
FN:85,getTweetsByOwner
FNF:7
FNH:7
FNDA:7,ownerOf
FNDA:19,createTweet
FNDA:2,readTweet
FNDA:1,editTweet
FNDA:2,deleteTweet
FNDA:1,getTweetsLength
FNDA:1,getTweetsByOwner
DA:23,7
DA:26,3
DA:35,19
DA:36,19
DA:37,19
DA:38,19
DA:39,19
DA:48,2
DA:49,2
DA:50,1
DA:60,1
DA:69,2
DA:77,1
DA:86,1
DA:87,1
DA:88,1
DA:89,7
DA:90,4
DA:91,4
DA:94,1
LF:20
LH:20
BRDA:23,1,0,3
BRDA:23,1,1,4
BRDA:49,2,0,1
BRDA:49,2,1,1
BRDA:89,3,0,4
BRDA:89,3,1,3
BRF:6
BRH:6
end_of_record
