TN:
SF:C:\Users\je2f_\cryptoTwitter\contracts\TwitterClone.sol
FN:22,ownerOf
FN:33,createTweet
FN:46,editTweet
FN:54,deleteTweet
FN:61,getTweetsLength
FN:69,getTweetsByOwner
FNF:6
FNH:6
FNDA:6,ownerOf
FNDA:17,createTweet
FNDA:1,editTweet
FNDA:1,deleteTweet
FNDA:1,getTweetsLength
FNDA:1,getTweetsByOwner
DA:23,6
DA:26,2
DA:34,17
DA:35,17
DA:36,17
DA:37,17
DA:38,17
DA:47,1
DA:55,1
DA:62,1
DA:70,1
DA:71,1
DA:72,1
DA:73,5
DA:74,3
DA:75,3
DA:78,1
LF:17
LH:17
BRDA:23,1,0,2
BRDA:23,1,1,4
BRDA:73,2,0,3
BRDA:73,2,1,2
BRF:4
BRH:4
end_of_record
